0 info it worked if it ends with ok
1 verbose cli [ '/usr/bin/nodejs', '/usr/bin/npm', 'install', 'canvas' ]
2 info using npm@3.10.7
3 info using node@v4.5.0
4 silly loadCurrentTree Starting
5 silly install loadCurrentTree
6 silly install readLocalPackageData
7 silly fetchPackageMetaData canvas
8 silly fetchNamedPackageData canvas
9 silly mapToRegistry name canvas
10 silly mapToRegistry using default registry
11 silly mapToRegistry registry https://registry.npmjs.org/
12 silly mapToRegistry data Result {
12 silly mapToRegistry   raw: 'canvas',
12 silly mapToRegistry   scope: null,
12 silly mapToRegistry   escapedName: 'canvas',
12 silly mapToRegistry   name: 'canvas',
12 silly mapToRegistry   rawSpec: '',
12 silly mapToRegistry   spec: 'latest',
12 silly mapToRegistry   type: 'tag' }
13 silly mapToRegistry uri https://registry.npmjs.org/canvas
14 verbose request uri https://registry.npmjs.org/canvas
15 verbose request no auth needed
16 info attempt registry request try #1 at 9:18:23 PM
17 verbose request id 85eecc366ce1818f
18 http request GET https://registry.npmjs.org/canvas
19 http 200 https://registry.npmjs.org/canvas
20 verbose headers { server: 'CouchDB/1.5.0 (Erlang OTP/R16B03)',
20 verbose headers   etag: '"4I2P0TKVC9SQJT1YY5MXH0Z5X"',
20 verbose headers   'content-type': 'application/json',
20 verbose headers   'content-encoding': 'gzip',
20 verbose headers   'cache-control': 'max-age=300',
20 verbose headers   'content-length': '17003',
20 verbose headers   'accept-ranges': 'bytes',
20 verbose headers   date: 'Fri, 23 Sep 2016 01:18:24 GMT',
20 verbose headers   via: '1.1 varnish',
20 verbose headers   age: '0',
20 verbose headers   connection: 'keep-alive',
20 verbose headers   'x-served-by': 'cache-jfk8142-JFK',
20 verbose headers   'x-cache': 'MISS',
20 verbose headers   'x-cache-hits': '0',
20 verbose headers   'x-timer': 'S1474593503.724784,VS0,VE519',
20 verbose headers   vary: 'Accept-Encoding' }
21 silly get cb [ 200,
21 silly get   { server: 'CouchDB/1.5.0 (Erlang OTP/R16B03)',
21 silly get     etag: '"4I2P0TKVC9SQJT1YY5MXH0Z5X"',
21 silly get     'content-type': 'application/json',
21 silly get     'content-encoding': 'gzip',
21 silly get     'cache-control': 'max-age=300',
21 silly get     'content-length': '17003',
21 silly get     'accept-ranges': 'bytes',
21 silly get     date: 'Fri, 23 Sep 2016 01:18:24 GMT',
21 silly get     via: '1.1 varnish',
21 silly get     age: '0',
21 silly get     connection: 'keep-alive',
21 silly get     'x-served-by': 'cache-jfk8142-JFK',
21 silly get     'x-cache': 'MISS',
21 silly get     'x-cache-hits': '0',
21 silly get     'x-timer': 'S1474593503.724784,VS0,VE519',
21 silly get     vary: 'Accept-Encoding' } ]
22 verbose get saving canvas to /home/lukeosborne/.npm/registry.npmjs.org/canvas/.cache.json
23 verbose correctMkdir /home/lukeosborne/.npm correctMkdir not in flight; initializing
24 silly install normalizeTree
25 silly loadCurrentTree Finishing
26 silly loadIdealTree Starting
27 silly install loadIdealTree
28 silly cloneCurrentTree Starting
29 silly install cloneCurrentTreeToIdealTree
30 silly cloneCurrentTree Finishing
31 silly loadShrinkwrap Starting
32 silly install loadShrinkwrap
33 silly loadShrinkwrap Finishing
34 silly loadAllDepsIntoIdealTree Starting
35 silly install loadAllDepsIntoIdealTree
36 silly resolveWithNewModule canvas@1.5.0 checking installable status
37 silly cache add args [ 'canvas', null ]
38 verbose cache add spec canvas
39 silly cache add parsed spec Result {
39 silly cache add   raw: 'canvas',
39 silly cache add   scope: null,
39 silly cache add   escapedName: 'canvas',
39 silly cache add   name: 'canvas',
39 silly cache add   rawSpec: '',
39 silly cache add   spec: 'latest',
39 silly cache add   type: 'tag' }
40 silly addNamed canvas@latest
41 verbose addNamed "latest" is being treated as a dist-tag for canvas
42 info addNameTag [ 'canvas', 'latest' ]
43 silly mapToRegistry name canvas
44 silly mapToRegistry using default registry
45 silly mapToRegistry registry https://registry.npmjs.org/
46 silly mapToRegistry data Result {
46 silly mapToRegistry   raw: 'canvas',
46 silly mapToRegistry   scope: null,
46 silly mapToRegistry   escapedName: 'canvas',
46 silly mapToRegistry   name: 'canvas',
46 silly mapToRegistry   rawSpec: '',
46 silly mapToRegistry   spec: 'latest',
46 silly mapToRegistry   type: 'tag' }
47 silly mapToRegistry uri https://registry.npmjs.org/canvas
48 verbose addNameTag registry:https://registry.npmjs.org/canvas not in flight; fetching
49 verbose get https://registry.npmjs.org/canvas not expired, no request
50 silly addNameTag next cb for canvas with tag latest
51 silly addNamed canvas@1.5.0
52 verbose addNamed "1.5.0" is a plain semver version for canvas
53 silly mapToRegistry name canvas
54 silly mapToRegistry using default registry
55 silly mapToRegistry registry https://registry.npmjs.org/
56 silly mapToRegistry data Result {
56 silly mapToRegistry   raw: 'canvas',
56 silly mapToRegistry   scope: null,
56 silly mapToRegistry   escapedName: 'canvas',
56 silly mapToRegistry   name: 'canvas',
56 silly mapToRegistry   rawSpec: '',
56 silly mapToRegistry   spec: 'latest',
56 silly mapToRegistry   type: 'tag' }
57 silly mapToRegistry uri https://registry.npmjs.org/canvas
58 verbose addRemoteTarball https://registry.npmjs.org/canvas/-/canvas-1.5.0.tgz not in flight; adding
59 verbose addRemoteTarball [ 'https://registry.npmjs.org/canvas/-/canvas-1.5.0.tgz',
59 verbose addRemoteTarball   'fa1935b7e9d4fc1509a9402e1de436c7f8cc14c9' ]
60 info retry fetch attempt 1 at 9:18:24 PM
61 info attempt registry request try #1 at 9:18:24 PM
62 http fetch GET https://registry.npmjs.org/canvas/-/canvas-1.5.0.tgz
63 http fetch 200 https://registry.npmjs.org/canvas/-/canvas-1.5.0.tgz
64 silly fetchAndShaCheck shasum fa1935b7e9d4fc1509a9402e1de436c7f8cc14c9
65 verbose addTmpTarball /tmp/npm-2101-6e04a5ec/registry.npmjs.org/canvas/-/canvas-1.5.0.tgz not in flight; adding
66 verbose addTmpTarball already have metadata; skipping unpack for canvas@1.5.0
67 verbose correctMkdir /home/lukeosborne/.npm correctMkdir not in flight; initializing
68 silly cache afterAdd canvas@1.5.0
69 verbose afterAdd /home/lukeosborne/.npm/canvas/1.5.0/package/package.json not in flight; writing
70 verbose correctMkdir /home/lukeosborne/.npm correctMkdir not in flight; initializing
71 verbose afterAdd /home/lukeosborne/.npm/canvas/1.5.0/package/package.json written
72 silly fetchNamedPackageData nan
73 silly mapToRegistry name nan
74 silly mapToRegistry using default registry
75 silly mapToRegistry registry https://registry.npmjs.org/
76 silly mapToRegistry data Result {
76 silly mapToRegistry   raw: 'nan',
76 silly mapToRegistry   scope: null,
76 silly mapToRegistry   escapedName: 'nan',
76 silly mapToRegistry   name: 'nan',
76 silly mapToRegistry   rawSpec: '',
76 silly mapToRegistry   spec: 'latest',
76 silly mapToRegistry   type: 'tag' }
77 silly mapToRegistry uri https://registry.npmjs.org/nan
78 verbose request uri https://registry.npmjs.org/nan
79 verbose request no auth needed
80 info attempt registry request try #1 at 9:18:25 PM
81 verbose etag "59HOMY3HCQTCA404BD525JWB3"
82 http request GET https://registry.npmjs.org/nan
83 http 200 https://registry.npmjs.org/nan
84 verbose headers { server: 'CouchDB/1.5.0 (Erlang OTP/R16B03)',
84 verbose headers   etag: '"1YJEPM5V4XH0MZT0HV3B8R9BB"',
84 verbose headers   'content-type': 'application/json',
84 verbose headers   'content-encoding': 'gzip',
84 verbose headers   'cache-control': 'max-age=300',
84 verbose headers   'content-length': '17162',
84 verbose headers   'accept-ranges': 'bytes',
84 verbose headers   date: 'Fri, 23 Sep 2016 01:18:24 GMT',
84 verbose headers   via: '1.1 varnish',
84 verbose headers   age: '208',
84 verbose headers   connection: 'keep-alive',
84 verbose headers   'x-served-by': 'cache-jfk8142-JFK',
84 verbose headers   'x-cache': 'HIT',
84 verbose headers   'x-cache-hits': '15',
84 verbose headers   'x-timer': 'S1474593504.752862,VS0,VE0',
84 verbose headers   vary: 'Accept-Encoding' }
85 silly get cb [ 200,
85 silly get   { server: 'CouchDB/1.5.0 (Erlang OTP/R16B03)',
85 silly get     etag: '"1YJEPM5V4XH0MZT0HV3B8R9BB"',
85 silly get     'content-type': 'application/json',
85 silly get     'content-encoding': 'gzip',
85 silly get     'cache-control': 'max-age=300',
85 silly get     'content-length': '17162',
85 silly get     'accept-ranges': 'bytes',
85 silly get     date: 'Fri, 23 Sep 2016 01:18:24 GMT',
85 silly get     via: '1.1 varnish',
85 silly get     age: '208',
85 silly get     connection: 'keep-alive',
85 silly get     'x-served-by': 'cache-jfk8142-JFK',
85 silly get     'x-cache': 'HIT',
85 silly get     'x-cache-hits': '15',
85 silly get     'x-timer': 'S1474593504.752862,VS0,VE0',
85 silly get     vary: 'Accept-Encoding' } ]
86 verbose get saving nan to /home/lukeosborne/.npm/registry.npmjs.org/nan/.cache.json
87 verbose correctMkdir /home/lukeosborne/.npm correctMkdir not in flight; initializing
88 silly resolveWithNewModule nan@2.4.0 checking installable status
89 silly cache add args [ 'nan@^2.3.2', null ]
90 verbose cache add spec nan@^2.3.2
91 silly cache add parsed spec Result {
91 silly cache add   raw: 'nan@^2.3.2',
91 silly cache add   scope: null,
91 silly cache add   escapedName: 'nan',
91 silly cache add   name: 'nan',
91 silly cache add   rawSpec: '^2.3.2',
91 silly cache add   spec: '>=2.3.2 <3.0.0',
91 silly cache add   type: 'range' }
92 silly addNamed nan@>=2.3.2 <3.0.0
93 verbose addNamed ">=2.3.2 <3.0.0" is a valid semver range for nan
94 silly addNameRange { name: 'nan', range: '>=2.3.2 <3.0.0', hasData: false }
95 silly mapToRegistry name nan
96 silly mapToRegistry using default registry
97 silly mapToRegistry registry https://registry.npmjs.org/
98 silly mapToRegistry data Result {
98 silly mapToRegistry   raw: 'nan',
98 silly mapToRegistry   scope: null,
98 silly mapToRegistry   escapedName: 'nan',
98 silly mapToRegistry   name: 'nan',
98 silly mapToRegistry   rawSpec: '',
98 silly mapToRegistry   spec: 'latest',
98 silly mapToRegistry   type: 'tag' }
99 silly mapToRegistry uri https://registry.npmjs.org/nan
100 verbose addNameRange registry:https://registry.npmjs.org/nan not in flight; fetching
101 verbose get https://registry.npmjs.org/nan not expired, no request
102 silly addNameRange number 2 { name: 'nan', range: '>=2.3.2 <3.0.0', hasData: true }
103 silly addNameRange versions [ 'nan',
103 silly addNameRange   [ '0.3.0-wip',
103 silly addNameRange     '0.3.0-wip2',
103 silly addNameRange     '0.3.0',
103 silly addNameRange     '0.3.1',
103 silly addNameRange     '0.3.2',
103 silly addNameRange     '0.4.0',
103 silly addNameRange     '0.4.1',
103 silly addNameRange     '0.4.2',
103 silly addNameRange     '0.4.3',
103 silly addNameRange     '0.4.4',
103 silly addNameRange     '0.5.0',
103 silly addNameRange     '0.5.1',
103 silly addNameRange     '0.5.2',
103 silly addNameRange     '0.6.0',
103 silly addNameRange     '0.7.0',
103 silly addNameRange     '0.7.1',
103 silly addNameRange     '0.8.0',
103 silly addNameRange     '1.0.0',
103 silly addNameRange     '1.1.0',
103 silly addNameRange     '1.1.1',
103 silly addNameRange     '1.1.2',
103 silly addNameRange     '1.2.0',
103 silly addNameRange     '1.3.0',
103 silly addNameRange     '1.4.0',
103 silly addNameRange     '1.4.1',
103 silly addNameRange     '1.5.0',
103 silly addNameRange     '1.4.2',
103 silly addNameRange     '1.4.3',
103 silly addNameRange     '1.5.1',
103 silly addNameRange     '1.5.2',
103 silly addNameRange     '1.6.0',
103 silly addNameRange     '1.5.3',
103 silly addNameRange     '1.6.1',
103 silly addNameRange     '1.6.2',
103 silly addNameRange     '1.7.0',
103 silly addNameRange     '1.8.0',
103 silly addNameRange     '1.8.1',
103 silly addNameRange     '1.8.2',
103 silly addNameRange     '1.8.3',
103 silly addNameRange     '1.8.4',
103 silly addNameRange     '1.9.0',
103 silly addNameRange     '2.0.0',
103 silly addNameRange     '2.0.1',
103 silly addNameRange     '2.0.2',
103 silly addNameRange     '2.0.3',
103 silly addNameRange     '2.0.4',
103 silly addNameRange     '2.0.5',
103 silly addNameRange     '2.0.6',
103 silly addNameRange     '2.0.7',
103 silly addNameRange     '2.0.8',
103 silly addNameRange     '2.0.9',
103 silly addNameRange     '2.1.0',
103 silly addNameRange     '2.2.0',
103 silly addNameRange     '2.2.1',
103 silly addNameRange     '2.3.0',
103 silly addNameRange     '2.3.1',
103 silly addNameRange     '2.3.2',
103 silly addNameRange     '2.3.3',
103 silly addNameRange     '2.3.4',
103 silly addNameRange     '2.3.5',
103 silly addNameRange     '2.4.0' ] ]
104 silly addNamed nan@2.4.0
105 verbose addNamed "2.4.0" is a plain semver version for nan
106 silly cache afterAdd nan@2.4.0
107 verbose afterAdd /home/lukeosborne/.npm/nan/2.4.0/package/package.json not in flight; writing
108 verbose correctMkdir /home/lukeosborne/.npm correctMkdir not in flight; initializing
109 verbose afterAdd /home/lukeosborne/.npm/nan/2.4.0/package/package.json written
110 silly loadAllDepsIntoIdealTree Finishing
111 silly loadIdealTree Finishing
112 silly currentTree canvas
113 silly idealTree canvas
113 silly idealTree ├── canvas@1.5.0
113 silly idealTree └── nan@2.4.0
114 silly generateActionsToTake Starting
115 silly install generateActionsToTake
116 silly generateActionsToTake Finishing
117 silly diffTrees action count 2
118 silly diffTrees add nan@2.4.0
119 silly diffTrees add canvas@1.5.0
120 silly decomposeActions action count 16
121 silly decomposeActions fetch nan@2.4.0
122 silly decomposeActions extract nan@2.4.0
123 silly decomposeActions test nan@2.4.0
124 silly decomposeActions preinstall nan@2.4.0
125 silly decomposeActions build nan@2.4.0
126 silly decomposeActions install nan@2.4.0
127 silly decomposeActions postinstall nan@2.4.0
128 silly decomposeActions finalize nan@2.4.0
129 silly decomposeActions fetch canvas@1.5.0
130 silly decomposeActions extract canvas@1.5.0
131 silly decomposeActions test canvas@1.5.0
132 silly decomposeActions preinstall canvas@1.5.0
133 silly decomposeActions build canvas@1.5.0
134 silly decomposeActions install canvas@1.5.0
135 silly decomposeActions postinstall canvas@1.5.0
136 silly decomposeActions finalize canvas@1.5.0
137 silly runTopLevelLifecycles Starting
138 silly executeActions Starting
139 silly install executeActions
140 silly doSerial global-install 0
141 silly doParallel fetch 2
142 verbose correctMkdir /home/lukeosborne/.npm/_locks correctMkdir not in flight; initializing
143 verbose lock using /home/lukeosborne/.npm/_locks/staging-c1075279fc47cc18.lock for /home/lukeosborne/challenge_2/canvas/node_modules/.staging
144 silly doParallel extract 2
145 silly extract nan@2.4.0
146 silly extract canvas@1.5.0
147 verbose unbuild node_modules/.staging/nan-8426ca6a
148 verbose unbuild node_modules/.staging/canvas-0ca465b9
149 silly gentlyRm /home/lukeosborne/challenge_2/canvas/node_modules/.staging/nan-8426ca6a is being purged from base /home/lukeosborne/challenge_2/canvas
150 verbose gentlyRm don't care about contents; nuking /home/lukeosborne/challenge_2/canvas/node_modules/.staging/nan-8426ca6a
151 silly gentlyRm /home/lukeosborne/challenge_2/canvas/node_modules/.staging/canvas-0ca465b9 is being purged from base /home/lukeosborne/challenge_2/canvas
152 verbose gentlyRm don't care about contents; nuking /home/lukeosborne/challenge_2/canvas/node_modules/.staging/canvas-0ca465b9
153 verbose tar unpack /home/lukeosborne/.npm/nan/2.4.0/package.tgz
154 verbose tar unpacking to /home/lukeosborne/challenge_2/canvas/node_modules/.staging/nan-8426ca6a
155 silly gentlyRm /home/lukeosborne/challenge_2/canvas/node_modules/.staging/nan-8426ca6a is being purged
156 verbose gentlyRm don't care about contents; nuking /home/lukeosborne/challenge_2/canvas/node_modules/.staging/nan-8426ca6a
157 verbose tar unpack /home/lukeosborne/.npm/canvas/1.5.0/package.tgz
158 verbose tar unpacking to /home/lukeosborne/challenge_2/canvas/node_modules/.staging/canvas-0ca465b9
159 silly gentlyRm /home/lukeosborne/challenge_2/canvas/node_modules/.staging/canvas-0ca465b9 is being purged
160 verbose gentlyRm don't care about contents; nuking /home/lukeosborne/challenge_2/canvas/node_modules/.staging/canvas-0ca465b9
161 silly gunzTarPerm modes [ '755', '644' ]
162 silly gunzTarPerm modes [ '755', '644' ]
163 silly gunzTarPerm extractEntry package.json
164 silly gunzTarPerm modified mode [ 'package.json', 436, 420 ]
165 silly gunzTarPerm extractEntry package.json
166 silly gunzTarPerm extractEntry README.md
167 silly gunzTarPerm modified mode [ 'README.md', 436, 420 ]
168 silly gunzTarPerm extractEntry include_dirs.js
169 silly gunzTarPerm modified mode [ 'include_dirs.js', 436, 420 ]
170 silly gunzTarPerm extractEntry .npmignore
171 silly gunzTarPerm extractEntry index.js
172 silly gunzTarPerm extractEntry History.md
173 silly gunzTarPerm extractEntry Readme.md
174 silly gunzTarPerm extractEntry binding.gyp
175 silly gunzTarPerm extractEntry .github/ISSUE_TEMPLATE.md
176 silly gunzTarPerm extractEntry lib/bindings.js
177 silly gunzTarPerm extractEntry lib/canvas.js
178 silly gunzTarPerm extractEntry lib/context2d.js
179 silly gunzTarPerm extractEntry lib/image.js
180 silly gunzTarPerm extractEntry lib/jpegstream.js
181 silly gunzTarPerm extractEntry lib/pdfstream.js
182 silly gunzTarPerm extractEntry lib/pngstream.js
183 silly gunzTarPerm extractEntry .travis.yml
184 silly gunzTarPerm extractEntry src/Image.cc
185 silly gunzTarPerm extractEntry src/Canvas.cc
186 silly gunzTarPerm extractEntry src/CanvasGradient.cc
187 silly gunzTarPerm extractEntry src/CanvasGradient.h
188 silly gunzTarPerm extractEntry src/CanvasPattern.cc
189 silly gunzTarPerm extractEntry src/CanvasPattern.h
190 silly gunzTarPerm extractEntry src/CanvasRenderingContext2d.cc
191 silly gunzTarPerm extractEntry src/CanvasRenderingContext2d.h
192 silly gunzTarPerm extractEntry src/FontFace.cc
193 silly gunzTarPerm extractEntry src/FontFace.h
194 silly gunzTarPerm extractEntry src/Canvas.h
195 silly gunzTarPerm extractEntry src/Image.h
196 silly gunzTarPerm extractEntry src/ImageData.cc
197 silly gunzTarPerm extractEntry src/ImageData.h
198 silly gunzTarPerm extractEntry src/JPEGStream.h
199 silly gunzTarPerm extractEntry src/PNG.h
200 silly gunzTarPerm extractEntry src/Point.h
201 silly gunzTarPerm extractEntry src/closure.h
202 silly gunzTarPerm extractEntry src/color.cc
203 silly gunzTarPerm extractEntry src/color.h
204 silly gunzTarPerm extractEntry src/init.cc
205 silly gunzTarPerm extractEntry util/has_lib.sh
206 silly gunzTarPerm extractEntry nan_callbacks_pre_12_inl.h
207 silly gunzTarPerm modified mode [ 'nan_callbacks_pre_12_inl.h', 436, 420 ]
208 silly gunzTarPerm extractEntry CHANGELOG.md
209 silly gunzTarPerm modified mode [ 'CHANGELOG.md', 436, 420 ]
210 silly gunzTarPerm extractEntry LICENSE.md
211 silly gunzTarPerm modified mode [ 'LICENSE.md', 436, 420 ]
212 silly gunzTarPerm extractEntry doc/node_misc.md
213 silly gunzTarPerm modified mode [ 'doc/node_misc.md', 436, 420 ]
214 silly gunzTarPerm extractEntry doc/asyncworker.md
215 silly gunzTarPerm modified mode [ 'doc/asyncworker.md', 436, 420 ]
216 silly gunzTarPerm extractEntry doc/callback.md
217 silly gunzTarPerm modified mode [ 'doc/callback.md', 436, 420 ]
218 silly gunzTarPerm extractEntry doc/converters.md
219 silly gunzTarPerm modified mode [ 'doc/converters.md', 436, 420 ]
220 silly gunzTarPerm extractEntry doc/errors.md
221 silly gunzTarPerm modified mode [ 'doc/errors.md', 436, 420 ]
222 silly gunzTarPerm extractEntry doc/maybe_types.md
223 silly gunzTarPerm modified mode [ 'doc/maybe_types.md', 436, 420 ]
224 silly gunzTarPerm extractEntry doc/methods.md
225 silly gunzTarPerm modified mode [ 'doc/methods.md', 436, 420 ]
226 silly gunzTarPerm extractEntry doc/new.md
227 silly gunzTarPerm modified mode [ 'doc/new.md', 436, 420 ]
228 silly gunzTarPerm extractEntry doc/buffers.md
229 silly gunzTarPerm modified mode [ 'doc/buffers.md', 436, 420 ]
230 silly gunzTarPerm extractEntry doc/object_wrappers.md
231 silly gunzTarPerm modified mode [ 'doc/object_wrappers.md', 436, 420 ]
232 silly gunzTarPerm extractEntry doc/persistent.md
233 silly gunzTarPerm modified mode [ 'doc/persistent.md', 436, 420 ]
234 silly gunzTarPerm extractEntry doc/scopes.md
235 silly gunzTarPerm modified mode [ 'doc/scopes.md', 436, 420 ]
236 silly gunzTarPerm extractEntry doc/script.md
237 silly gunzTarPerm modified mode [ 'doc/script.md', 436, 420 ]
238 silly gunzTarPerm extractEntry doc/string_bytes.md
239 silly gunzTarPerm modified mode [ 'doc/string_bytes.md', 436, 420 ]
240 silly gunzTarPerm extractEntry doc/v8_internals.md
241 silly gunzTarPerm modified mode [ 'doc/v8_internals.md', 436, 420 ]
242 silly gunzTarPerm extractEntry doc/v8_misc.md
243 silly gunzTarPerm modified mode [ 'doc/v8_misc.md', 436, 420 ]
244 silly gunzTarPerm extractEntry nan.h
245 silly gunzTarPerm modified mode [ 'nan.h', 436, 420 ]
246 silly gunzTarPerm extractEntry nan_callbacks.h
247 silly gunzTarPerm modified mode [ 'nan_callbacks.h', 436, 420 ]
248 silly gunzTarPerm extractEntry nan_callbacks_12_inl.h
249 silly gunzTarPerm modified mode [ 'nan_callbacks_12_inl.h', 436, 420 ]
250 silly gunzTarPerm extractEntry nan_converters.h
251 silly gunzTarPerm modified mode [ 'nan_converters.h', 436, 420 ]
252 silly gunzTarPerm extractEntry nan_converters_43_inl.h
253 silly gunzTarPerm modified mode [ 'nan_converters_43_inl.h', 436, 420 ]
254 silly gunzTarPerm extractEntry nan_converters_pre_43_inl.h
255 silly gunzTarPerm modified mode [ 'nan_converters_pre_43_inl.h', 436, 420 ]
256 silly gunzTarPerm extractEntry nan_implementation_12_inl.h
257 silly gunzTarPerm modified mode [ 'nan_implementation_12_inl.h', 436, 420 ]
258 silly gunzTarPerm extractEntry nan_implementation_pre_12_inl.h
259 silly gunzTarPerm modified mode [ 'nan_implementation_pre_12_inl.h', 436, 420 ]
260 silly gunzTarPerm extractEntry nan_maybe_43_inl.h
261 silly gunzTarPerm modified mode [ 'nan_maybe_43_inl.h', 436, 420 ]
262 silly gunzTarPerm extractEntry nan_maybe_pre_43_inl.h
263 silly gunzTarPerm modified mode [ 'nan_maybe_pre_43_inl.h', 436, 420 ]
264 silly gunzTarPerm extractEntry nan_new.h
265 silly gunzTarPerm modified mode [ 'nan_new.h', 436, 420 ]
266 silly gunzTarPerm extractEntry nan_object_wrap.h
267 silly gunzTarPerm modified mode [ 'nan_object_wrap.h', 436, 420 ]
268 silly gunzTarPerm extractEntry nan_persistent_12_inl.h
269 silly gunzTarPerm modified mode [ 'nan_persistent_12_inl.h', 436, 420 ]
270 silly gunzTarPerm extractEntry nan_persistent_pre_12_inl.h
271 silly gunzTarPerm modified mode [ 'nan_persistent_pre_12_inl.h', 436, 420 ]
272 silly gunzTarPerm extractEntry nan_string_bytes.h
273 silly gunzTarPerm modified mode [ 'nan_string_bytes.h', 436, 420 ]
274 silly gunzTarPerm extractEntry nan_typedarray_contents.h
275 silly gunzTarPerm modified mode [ 'nan_typedarray_contents.h', 436, 420 ]
276 silly gunzTarPerm extractEntry nan_weak.h
277 silly gunzTarPerm modified mode [ 'nan_weak.h', 436, 420 ]
278 silly gunzTarPerm extractEntry tools/package.json
279 silly gunzTarPerm modified mode [ 'tools/package.json', 436, 420 ]
280 silly gunzTarPerm extractEntry tools/README.md
281 silly gunzTarPerm modified mode [ 'tools/README.md', 436, 420 ]
282 silly gunzTarPerm extractEntry tools/1to2.js
283 silly gunzTarPerm modified mode [ 'tools/1to2.js', 509, 493 ]
284 silly gentlyRm /home/lukeosborne/challenge_2/canvas/node_modules/.staging/canvas-0ca465b9/node_modules is being purged
285 verbose gentlyRm don't care about contents; nuking /home/lukeosborne/challenge_2/canvas/node_modules/.staging/canvas-0ca465b9/node_modules
286 silly gentlyRm /home/lukeosborne/challenge_2/canvas/node_modules/.staging/nan-8426ca6a/node_modules is being purged
287 verbose gentlyRm don't care about contents; nuking /home/lukeosborne/challenge_2/canvas/node_modules/.staging/nan-8426ca6a/node_modules
288 silly doParallel preinstall 2
289 silly preinstall nan@2.4.0 /home/lukeosborne/challenge_2/canvas/node_modules/.staging/nan-8426ca6a
290 info lifecycle nan@2.4.0~preinstall: nan@2.4.0
291 silly preinstall canvas@1.5.0 /home/lukeosborne/challenge_2/canvas/node_modules/.staging/canvas-0ca465b9
292 info lifecycle canvas@1.5.0~preinstall: canvas@1.5.0
293 silly lifecycle nan@2.4.0~preinstall: no script for preinstall, continuing
294 silly lifecycle canvas@1.5.0~preinstall: no script for preinstall, continuing
295 silly doReverseSerial remove 0
296 silly doSerial move 0
297 silly doSerial finalize 2
298 silly finalize /home/lukeosborne/challenge_2/canvas/node_modules/nan
299 silly finalize /home/lukeosborne/challenge_2/canvas/node_modules/canvas
300 silly doSerial build 2
301 silly build nan@2.4.0
302 info linkStuff nan@2.4.0
303 silly linkStuff nan@2.4.0 has /home/lukeosborne/challenge_2/canvas/node_modules as its parent node_modules
304 verbose linkBins nan@2.4.0
305 verbose linkMans nan@2.4.0
306 silly build canvas@1.5.0
307 info linkStuff canvas@1.5.0
308 silly linkStuff canvas@1.5.0 has /home/lukeosborne/challenge_2/canvas/node_modules as its parent node_modules
309 verbose linkBins canvas@1.5.0
310 verbose linkMans canvas@1.5.0
311 silly doSerial global-link 0
312 silly doParallel update-linked 0
313 silly doSerial install 2
314 silly install nan@2.4.0 /home/lukeosborne/challenge_2/canvas/node_modules/.staging/nan-8426ca6a
315 info lifecycle nan@2.4.0~install: nan@2.4.0
316 silly lifecycle nan@2.4.0~install: no script for install, continuing
317 silly install canvas@1.5.0 /home/lukeosborne/challenge_2/canvas/node_modules/.staging/canvas-0ca465b9
318 info lifecycle canvas@1.5.0~install: canvas@1.5.0
319 verbose lifecycle canvas@1.5.0~install: unsafe-perm in lifecycle true
320 verbose lifecycle canvas@1.5.0~install: PATH: /usr/lib/node_modules/npm/bin/node-gyp-bin:/home/lukeosborne/challenge_2/canvas/node_modules/canvas/node_modules/.bin:/home/lukeosborne/challenge_2/canvas/node_modules/.bin:/home/lukeosborne/.linuxbrew/bin:/home/lukeosborne/bin:/home/lukeosborne/.local/bin:/usr/local/bin:/usr/bin:/bin:/usr/local/games:/usr/games
321 verbose lifecycle canvas@1.5.0~install: CWD: /home/lukeosborne/challenge_2/canvas/node_modules/canvas
322 silly lifecycle canvas@1.5.0~install: Args: [ '-c', 'node-gyp rebuild' ]
323 silly lifecycle canvas@1.5.0~install: Returned: code: 1  signal: null
324 info lifecycle canvas@1.5.0~install: Failed to exec install script
325 verbose unlock done using /home/lukeosborne/.npm/_locks/staging-c1075279fc47cc18.lock for /home/lukeosborne/challenge_2/canvas/node_modules/.staging
326 silly rollbackFailedOptional Starting
327 silly rollbackFailedOptional Finishing
328 silly runTopLevelLifecycles Finishing
329 silly install printInstalled
330 warn enoent ENOENT: no such file or directory, open '/home/lukeosborne/challenge_2/canvas/package.json'
331 warn canvas No description
332 warn canvas No repository field.
333 warn canvas No README data
334 warn canvas No license field.
335 verbose stack Error: canvas@1.5.0 install: `node-gyp rebuild`
335 verbose stack Exit status 1
335 verbose stack     at EventEmitter.<anonymous> (/usr/lib/node_modules/npm/lib/utils/lifecycle.js:255:16)
335 verbose stack     at emitTwo (events.js:87:13)
335 verbose stack     at EventEmitter.emit (events.js:172:7)
335 verbose stack     at ChildProcess.<anonymous> (/usr/lib/node_modules/npm/lib/utils/spawn.js:40:14)
335 verbose stack     at emitTwo (events.js:87:13)
335 verbose stack     at ChildProcess.emit (events.js:172:7)
335 verbose stack     at maybeClose (internal/child_process.js:829:16)
335 verbose stack     at Process.ChildProcess._handle.onexit (internal/child_process.js:211:5)
336 verbose pkgid canvas@1.5.0
337 verbose cwd /home/lukeosborne/challenge_2/canvas
338 error Linux 4.6.0-kali1-amd64
339 error argv "/usr/bin/nodejs" "/usr/bin/npm" "install" "canvas"
340 error node v4.5.0
341 error npm  v3.10.7
342 error code ELIFECYCLE
343 error canvas@1.5.0 install: `node-gyp rebuild`
343 error Exit status 1
344 error Failed at the canvas@1.5.0 install script 'node-gyp rebuild'.
344 error Make sure you have the latest version of node.js and npm installed.
344 error If you do, this is most likely a problem with the canvas package,
344 error not with npm itself.
344 error Tell the author that this fails on your system:
344 error     node-gyp rebuild
344 error You can get information on how to open an issue for this project with:
344 error     npm bugs canvas
344 error Or if that isn't available, you can get their info via:
344 error     npm owner ls canvas
344 error There is likely additional logging output above.
345 verbose exit [ 1, true ]
